<?xml version="1.0" encoding="UTF-8"?>
<!-- Generated by org.testng.reporters.JUnitReportReporter -->
<testsuite hostname="INDIA-Karpagam" name="com.perficient.tests.RunCukes" tests="1" failures="0" timestamp="8 Aug 2016 13:54:23 GMT" time="0.097" errors="0">
  <testcase name="feature" time="0.097" classname="com.perficient.tests.RunCukes"/>
</testsuite> <!-- com.perficient.tests.RunCukes -->
